Flow report for skeleton
Sun Apr 23 15:50:09 2017
Quartus Prime Version 16.1.0 Build 196 10/24/2016 SJ Lite Edition


---------------------
; Table of Contents ;
---------------------
  1. Legal Notice
  2. Flow Summary
  3. Flow Settings
  4. Flow Non-Default Global Settings
  5. Flow Elapsed Time
  6. Flow OS Summary
  7. Flow Log
  8. Flow Messages
  9. Flow Suppressed Messages



----------------
; Legal Notice ;
----------------
Copyright (C) 2016  Intel Corporation. All rights reserved.
Your use of Intel Corporation's design tools, logic functions 
and other software and tools, and its AMPP partner logic 
functions, and any output files from any of the foregoing 
(including device programming or simulation files), and any 
associated documentation or information are expressly subject 
to the terms and conditions of the Intel Program License 
Subscription Agreement, the Intel Quartus Prime License Agreement,
the Intel MegaCore Function License Agreement, or other 
applicable license agreement, including, without limitation, 
that your use is for the sole purpose of programming logic 
devices manufactured by Intel and sold by Intel or its 
authorized distributors.  Please refer to the applicable 
agreement for further details.



+----------------------------------------------------------------------------------+
; Flow Summary                                                                     ;
+------------------------------------+---------------------------------------------+
; Flow Status                        ; Successful - Sun Apr 23 15:50:09 2017       ;
; Quartus Prime Version              ; 16.1.0 Build 196 10/24/2016 SJ Lite Edition ;
; Revision Name                      ; skeleton                                    ;
; Top-level Entity Name              ; CP4_processor_sj166                         ;
; Family                             ; Cyclone IV E                                ;
; Device                             ; EP4CE115F29C7                               ;
; Timing Models                      ; Final                                       ;
; Total logic elements               ; 4,574 / 114,480 ( 4 % )                     ;
;     Total combinational functions  ; 4,402 / 114,480 ( 4 % )                     ;
;     Dedicated logic registers      ; 1,752 / 114,480 ( 2 % )                     ;
; Total registers                    ; 1752                                        ;
; Total pins                         ; 148 / 529 ( 28 % )                          ;
; Total virtual pins                 ; 0                                           ;
; Total memory bits                  ; 2,719,744 / 3,981,312 ( 68 % )              ;
; Embedded Multiplier 9-bit elements ; 0 / 532 ( 0 % )                             ;
; Total PLLs                         ; 0 / 4 ( 0 % )                               ;
+------------------------------------+---------------------------------------------+


+-----------------------------------------+
; Flow Settings                           ;
+-------------------+---------------------+
; Option            ; Setting             ;
+-------------------+---------------------+
; Start date & time ; 04/23/2017 15:45:05 ;
; Main task         ; Compilation         ;
; Revision Name     ; skeleton            ;
+-------------------+---------------------+


+-------------------------------------------------------------------------------------------------------------------------------------+
; Flow Non-Default Global Settings                                                                                                    ;
+-------------------------------------+----------------------------------------+---------------+---------------------+----------------+
; Assignment Name                     ; Value                                  ; Default Value ; Entity Name         ; Section Id     ;
+-------------------------------------+----------------------------------------+---------------+---------------------+----------------+
; COMPILER_SIGNATURE_ID               ; 215866205377926.149297670401500        ; --            ; --                  ; --             ;
; EDA_OUTPUT_DATA_FORMAT              ; Verilog Hdl                            ; --            ; --                  ; eda_simulation ;
; EDA_SIMULATION_TOOL                 ; ModelSim-Altera (Verilog)              ; <None>        ; --                  ; --             ;
; FITTER_EFFORT                       ; Fast Fit                               ; Auto Fit      ; --                  ; --             ;
; MAX_CORE_JUNCTION_TEMP              ; 85                                     ; --            ; --                  ; --             ;
; MIN_CORE_JUNCTION_TEMP              ; 0                                      ; --            ; --                  ; --             ;
; MISC_FILE                           ; pll2_bb.v                              ; --            ; --                  ; --             ;
; MISC_FILE                           ; pll2.ppf                               ; --            ; --                  ; --             ;
; MISC_FILE                           ; pll.bsf                                ; --            ; --                  ; --             ;
; MISC_FILE                           ; pll.cmp                                ; --            ; --                  ; --             ;
; MISC_FILE                           ; pll.ppf                                ; --            ; --                  ; --             ;
; MISC_FILE                           ; imem_inst.v                            ; --            ; --                  ; --             ;
; MISC_FILE                           ; imem.cmp                               ; --            ; --                  ; --             ;
; MISC_FILE                           ; dmem_inst.v                            ; --            ; --                  ; --             ;
; MISC_FILE                           ; dmem.cmp                               ; --            ; --                  ; --             ;
; NOMINAL_CORE_SUPPLY_VOLTAGE         ; 1.2V                                   ; --            ; --                  ; --             ;
; PARTITION_COLOR                     ; -- (Not supported for targeted family) ; --            ; CP4_processor_sj166 ; Top            ;
; PARTITION_FITTER_PRESERVATION_LEVEL ; -- (Not supported for targeted family) ; --            ; CP4_processor_sj166 ; Top            ;
; PARTITION_NETLIST_TYPE              ; -- (Not supported for targeted family) ; --            ; CP4_processor_sj166 ; Top            ;
; POWER_BOARD_THERMAL_MODEL           ; None (CONSERVATIVE)                    ; --            ; --                  ; --             ;
; POWER_PRESET_COOLING_SOLUTION       ; 23 MM HEAT SINK WITH 200 LFPM AIRFLOW  ; --            ; --                  ; --             ;
; PROJECT_OUTPUT_DIRECTORY            ; output_files                           ; --            ; --                  ; --             ;
; TOP_LEVEL_ENTITY                    ; CP4_processor_sj166                    ; skeleton      ; --                  ; --             ;
+-------------------------------------+----------------------------------------+---------------+---------------------+----------------+


+-------------------------------------------------------------------------------------------------------------------------------+
; Flow Elapsed Time                                                                                                             ;
+---------------------------+--------------+-------------------------+---------------------+------------------------------------+
; Module Name               ; Elapsed Time ; Average Processors Used ; Peak Virtual Memory ; Total CPU Time (on all processors) ;
+---------------------------+--------------+-------------------------+---------------------+------------------------------------+
; Analysis & Synthesis      ; 00:01:00     ; 1.0                     ; 781 MB              ; 00:01:25                           ;
; Fitter                    ; 00:01:16     ; 1.1                     ; 1459 MB             ; 00:01:37                           ;
; Assembler                 ; 00:00:07     ; 1.0                     ; 628 MB              ; 00:00:07                           ;
; TimeQuest Timing Analyzer ; 00:00:13     ; 1.4                     ; 814 MB              ; 00:00:16                           ;
; EDA Netlist Writer        ; 00:00:10     ; 1.0                     ; 660 MB              ; 00:00:10                           ;
; EDA Netlist Writer        ; 00:00:01     ; 1.0                     ; 584 MB              ; 00:00:02                           ;
; EDA Netlist Writer        ; 00:00:03     ; 1.0                     ; 602 MB              ; 00:00:03                           ;
; Total                     ; 00:02:50     ; --                      ; --                  ; 00:03:40                           ;
+---------------------------+--------------+-------------------------+---------------------+------------------------------------+


+-----------------------------------------------------------------------------------------+
; Flow OS Summary                                                                         ;
+---------------------------+------------------+------------+------------+----------------+
; Module Name               ; Machine Hostname ; OS Name    ; OS Version ; Processor type ;
+---------------------------+------------------+------------+------------+----------------+
; Analysis & Synthesis      ; Saumya_PC        ; Windows 10 ; 10.0       ; x86_64         ;
; Fitter                    ; Saumya_PC        ; Windows 10 ; 10.0       ; x86_64         ;
; Assembler                 ; Saumya_PC        ; Windows 10 ; 10.0       ; x86_64         ;
; TimeQuest Timing Analyzer ; Saumya_PC        ; Windows 10 ; 10.0       ; x86_64         ;
; EDA Netlist Writer        ; Saumya_PC        ; Windows 10 ; 10.0       ; x86_64         ;
; EDA Netlist Writer        ; Saumya_PC        ; Windows 10 ; 10.0       ; x86_64         ;
; EDA Netlist Writer        ; Saumya_PC        ; Windows 10 ; 10.0       ; x86_64         ;
+---------------------------+------------------+------------+------------+----------------+


------------
; Flow Log ;
------------
quartus_map --read_settings_files=on --write_settings_files=off skeleton -c skeleton
quartus_fit --read_settings_files=off --write_settings_files=off skeleton -c skeleton
quartus_asm --read_settings_files=off --write_settings_files=off skeleton -c skeleton
quartus_sta skeleton -c skeleton
quartus_eda --read_settings_files=off --write_settings_files=off skeleton -c skeleton
quartus_eda --gen_testbench --tool=modelsim_oem --format=verilog --write_settings_files=off skeleton -c skeleton --vector_source=C:/Users/Saumya/Desktop/ece350_finalProject/skel_new_THEREEEEEEALONE/key_processor_test.vwf --testbench_file=C:/Users/Saumya/Desktop/ece350_finalProject/skel_new_THEREEEEEEALONE/simulation/qsim/key_processor_test.vwf.vt
quartus_eda --write_settings_files=off --simulation=on --functional=on --flatten_buses=off --tool=modelsim_oem --format=verilog --output_directory=C:/Users/Saumya/Desktop/ece350_finalProject/skel_new_THEREEEEEEALONE/simulation/qsim/ skeleton -c skeleton



